0 info it worked if it ends with ok
1 verbose cli [ '/Users/raimopi/.nvm/versions/node/v4.4.2/bin/node',
1 verbose cli   '/Users/raimopi/.nvm/versions/node/v4.4.2/bin/npm',
1 verbose cli   'start' ]
2 info using npm@3.10.6
3 info using node@v4.4.2
4 verbose run-script [ 'prestart', 'start', 'poststart' ]
5 info lifecycle Once@0.2.0~prestart: Once@0.2.0
6 silly lifecycle Once@0.2.0~prestart: no script for prestart, continuing
7 info lifecycle Once@0.2.0~start: Once@0.2.0
8 verbose lifecycle Once@0.2.0~start: unsafe-perm in lifecycle true
9 verbose lifecycle Once@0.2.0~start: PATH: /Users/raimopi/.nvm/versions/node/v4.4.2/lib/node_modules/npm/bin/node-gyp-bin:/Users/raimopi/Documents/workspace/once/node_modules/.bin:/Library/Java/JavaVirtualMachines/jdk1.7.0_79.jdk/Contents/Home/bin:/Users/raimopi/.jenv/shims:/Users/raimopi/.jenv/bin:/Users/raimopi/.nvm/versions/node/v4.4.2/bin:/usr/local/bin:/usr/bin:/bin:/usr/sbin:/sbin:/usr/local/git/bin
10 verbose lifecycle Once@0.2.0~start: CWD: /Users/raimopi/Documents/workspace/once
11 silly lifecycle Once@0.2.0~start: Args: [ '-c', 'gulp' ]
12 silly lifecycle Once@0.2.0~start: Returned: code: 1  signal: null
13 info lifecycle Once@0.2.0~start: Failed to exec start script
14 verbose stack Error: Once@0.2.0 start: `gulp`
14 verbose stack Exit status 1
14 verbose stack     at EventEmitter.<anonymous> (/Users/raimopi/.nvm/versions/node/v4.4.2/lib/node_modules/npm/lib/utils/lifecycle.js:255:16)
14 verbose stack     at emitTwo (events.js:87:13)
14 verbose stack     at EventEmitter.emit (events.js:172:7)
14 verbose stack     at ChildProcess.<anonymous> (/Users/raimopi/.nvm/versions/node/v4.4.2/lib/node_modules/npm/lib/utils/spawn.js:40:14)
14 verbose stack     at emitTwo (events.js:87:13)
14 verbose stack     at ChildProcess.emit (events.js:172:7)
14 verbose stack     at maybeClose (internal/child_process.js:827:16)
14 verbose stack     at Process.ChildProcess._handle.onexit (internal/child_process.js:211:5)
15 verbose pkgid Once@0.2.0
16 verbose cwd /Users/raimopi/Documents/workspace/once
17 error Darwin 15.6.0
18 error argv "/Users/raimopi/.nvm/versions/node/v4.4.2/bin/node" "/Users/raimopi/.nvm/versions/node/v4.4.2/bin/npm" "start"
19 error node v4.4.2
20 error npm  v3.10.6
21 error code ELIFECYCLE
22 error Once@0.2.0 start: `gulp`
22 error Exit status 1
23 error Failed at the Once@0.2.0 start script 'gulp'.
23 error Make sure you have the latest version of node.js and npm installed.
23 error If you do, this is most likely a problem with the Once package,
23 error not with npm itself.
23 error Tell the author that this fails on your system:
23 error     gulp
23 error You can get information on how to open an issue for this project with:
23 error     npm bugs Once
23 error Or if that isn't available, you can get their info via:
23 error     npm owner ls Once
23 error There is likely additional logging output above.
24 verbose exit [ 1, true ]
